d:\computer graphic\opengl\bin\intermediates\win32\debug\vc142.pdb
d:\computer graphic\opengl\bin\intermediates\win32\debug\vc142.idb
d:\computer graphic\opengl\bin\intermediates\win32\debug\main.obj
d:\computer graphic\opengl\bin\intermediates\win32\debug\model.obj
d:\computer graphic\opengl\bin\intermediates\win32\debug\shader.obj
d:\computer graphic\opengl\bin\intermediates\win32\debug\mesh.obj
d:\computer graphic\opengl\bin\intermediates\win32\debug\material.obj
d:\computer graphic\opengl\bin\intermediates\win32\debug\lightspot.obj
d:\computer graphic\opengl\bin\intermediates\win32\debug\lightpoint.obj
d:\computer graphic\opengl\bin\intermediates\win32\debug\lightdirectional.obj
d:\computer graphic\opengl\bin\intermediates\win32\debug\camera.obj
d:\computer graphic\opengl\bin\win32\debug\opengl.exe
d:\computer graphic\opengl\bin\intermediates\win32\debug\opengl.ilk
d:\computer graphic\opengl\bin\win32\debug\opengl.pdb
d:\computer graphic\opengl\bin\intermediates\win32\debug\opengl.tlog\cl.command.1.tlog
d:\computer graphic\opengl\bin\intermediates\win32\debug\opengl.tlog\cl.read.1.tlog
d:\computer graphic\opengl\bin\intermediates\win32\debug\opengl.tlog\cl.write.1.tlog
d:\computer graphic\opengl\bin\intermediates\win32\debug\opengl.tlog\link.command.1.tlog
d:\computer graphic\opengl\bin\intermediates\win32\debug\opengl.tlog\link.read.1.tlog
d:\computer graphic\opengl\bin\intermediates\win32\debug\opengl.tlog\link.write.1.tlog
